<?xml version="1.0" encoding="UTF-8"?>
<testng-results skipped="0" failed="0" total="2" passed="2">
  <reporter-output>
  </reporter-output>
  <suite name="ohrm" duration-ms="38728" started-at="2017-05-11T17:29:22Z" finished-at="2017-05-11T17:30:01Z">
    <groups>
    </groups>
    <test name="ohrmdemo" duration-ms="38728" started-at="2017-05-11T17:29:22Z" finished-at="2017-05-11T17:30:01Z">
      <class name="com.tng.ohrm.AddEmployee">
        <test-method status="PASS" signature="openApplication()[pri:0, instance:com.tng.ohrm.AddEmployee@4af044]" name="openApplication" is-config="true" duration-ms="11210" started-at="2017-05-11T22:59:22Z" finished-at="2017-05-11T22:59:33Z">
          <reporter-output>
          </reporter-output>
        </test-method> <!-- openApplication -->
        <test-method status="PASS" signature="Login()[pri:0, instance:com.tng.ohrm.AddEmployee@4af044]" name="Login" duration-ms="7508" started-at="2017-05-11T22:59:33Z" finished-at="2017-05-11T22:59:41Z">
          <reporter-output>
          </reporter-output>
        </test-method> <!-- Login -->
        <test-method status="PASS" signature="zddmmployee()[pri:0, instance:com.tng.ohrm.AddEmployee@4af044]" name="zddmmployee" duration-ms="12345" started-at="2017-05-11T22:59:41Z" finished-at="2017-05-11T22:59:53Z">
          <reporter-output>
          </reporter-output>
        </test-method> <!-- zddmmployee -->
        <test-method status="PASS" signature="closeApplication()[pri:0, instance:com.tng.ohrm.AddEmployee@4af044]" name="closeApplication" is-config="true" duration-ms="7640" started-at="2017-05-11T22:59:53Z" finished-at="2017-05-11T23:00:01Z">
          <reporter-output>
          </reporter-output>
        </test-method> <!-- closeApplication -->
      </class> <!-- com.tng.ohrm.AddEmployee -->
    </test> <!-- ohrmdemo -->
  </suite> <!-- ohrm -->
</testng-results>
